<?xml version="1.0" encoding="UTF-8"?>
<testsuite xmlns:xsi="http://www.w3.org/2001/XMLSchema-instance" xsi:noNamespaceSchemaLocation="https://maven.apache.org/surefire/maven-surefire-plugin/xsd/surefire-test-report-3.0.xsd" version="3.0" name="com.example.FamilyTreeTest" time="0.072" tests="6" errors="0" skipped="0" failures="0">
  <properties>
[...]
</properties>
  <testcase name="testInvalidFamilyTreeWithCyclicRelationship" classname="com.example.FamilyTreeTest" time="0.035"/>
  <testcase name="testPrintFamilyTree_shouldReturnNoRootFound" classname="com.example.FamilyTreeTest" time="0.001"/>
  <testcase name="testParentChildrenMap" classname="com.example.FamilyTreeTest" time="0.002"/>
  <testcase name="testFamilyTreeWithValidInput" classname="com.example.FamilyTreeTest" time="0.004">
    <system-out><![CDATA[Ivan
    Adam
        Stjepan
            Marko
            Robert
    Fran
Luka
    Leopold
]]></system-out>
  </testcase>
  <testcase name="testCyclicRelationshipException" classname="com.example.FamilyTreeTest" time="0.003"/>
  <testcase name="testFamilyTreeIfFilePathIsInvalid" classname="com.example.FamilyTreeTest" time="0.003"/>
</testsuite>